Determining if the pthread_create exist failed with the following output:
Change Dir: /home/ubuntu/caffe/CMakeFiles/CMakeTmp

Run Build Command:"/usr/bin/make" "cmTC_87dc1/fast"
/usr/bin/make -f CMakeFiles/cmTC_87dc1.dir/build.make CMakeFiles/cmTC_87dc1.dir/build
make[1]: Entering directory '/home/ubuntu/caffe/CMakeFiles/CMakeTmp'
Building C object CMakeFiles/cmTC_87dc1.dir/CheckSymbolExists.c.o
/usr/bin/gcc     -o CMakeFiles/cmTC_87dc1.dir/CheckSymbolExists.c.o   -c /home/ubuntu/caffe/CMakeFiles/CMakeTmp/CheckSymbolExists.c
Linking C executable cmTC_87dc1
/usr/bin/cmake -E cmake_link_script CMakeFiles/cmTC_87dc1.dir/link.txt --verbose=1
/usr/bin/gcc       CMakeFiles/cmTC_87dc1.dir/CheckSymbolExists.c.o  -o cmTC_87dc1 -rdynamic 
CMakeFiles/cmTC_87dc1.dir/CheckSymbolExists.c.o: In function `main':
CheckSymbolExists.c:(.text+0x14): undefined reference to `pthread_create'
CheckSymbolExists.c:(.text+0x18): undefined reference to `pthread_create'
collect2: error: ld returned 1 exit status
CMakeFiles/cmTC_87dc1.dir/build.make:97: recipe for target 'cmTC_87dc1' failed
make[1]: *** [cmTC_87dc1] Error 1
make[1]: Leaving directory '/home/ubuntu/caffe/CMakeFiles/CMakeTmp'
Makefile:126: recipe for target 'cmTC_87dc1/fast' failed
make: *** [cmTC_87dc1/fast] Error 2

File /home/ubuntu/caffe/CMakeFiles/CMakeTmp/CheckSymbolExists.c:
/* */
#include <pthread.h>

int main(int argc, char** argv)
{
  (void)argv;
#ifndef pthread_create
  return ((int*)(&pthread_create))[argc];
#else
  (void)argc;
  return 0;
#endif
}

Determining if the function pthread_create exists in the pthreads failed with the following output:
Change Dir: /home/ubuntu/caffe/CMakeFiles/CMakeTmp

Run Build Command:"/usr/bin/make" "cmTC_25687/fast"
/usr/bin/make -f CMakeFiles/cmTC_25687.dir/build.make CMakeFiles/cmTC_25687.dir/build
make[1]: Entering directory '/home/ubuntu/caffe/CMakeFiles/CMakeTmp'
Building C object CMakeFiles/cmTC_25687.dir/CheckFunctionExists.c.o
/usr/bin/gcc    -DCHECK_FUNCTION_EXISTS=pthread_create   -o CMakeFiles/cmTC_25687.dir/CheckFunctionExists.c.o   -c /usr/share/cmake-3.5/Modules/CheckFunctionExists.c
Linking C executable cmTC_25687
/usr/bin/cmake -E cmake_link_script CMakeFiles/cmTC_25687.dir/link.txt --verbose=1
/usr/bin/gcc   -DCHECK_FUNCTION_EXISTS=pthread_create    CMakeFiles/cmTC_25687.dir/CheckFunctionExists.c.o  -o cmTC_25687 -rdynamic -lpthreads 
/usr/bin/ld: cannot find -lpthreads
collect2: error: ld returned 1 exit status
CMakeFiles/cmTC_25687.dir/build.make:97: recipe for target 'cmTC_25687' failed
make[1]: *** [cmTC_25687] Error 1
make[1]: Leaving directory '/home/ubuntu/caffe/CMakeFiles/CMakeTmp'
Makefile:126: recipe for target 'cmTC_25687/fast' failed
make: *** [cmTC_25687/fast] Error 2


